TN:
SF:/Users/john/projects/meteor/vr1.3/client/app.jsx
FN:4,Layout
FN:9,render
FNF:2
FNH:2
FNDA:1,Layout
FNDA:1,render
DA:4,1
DA:11,1
LF:2
LH:2
BRF:0
BRH:0
end_of_record
TN:
SF:/Users/john/projects/meteor/vr1.3/client/counter.jsx
FN:3,ExampleComponent
FN:10,getCount
FN:14,_handleClick
FN:19,render
FNF:4
FNH:4
FNDA:3,ExampleComponent
FNDA:6,getCount
FNDA:5,_handleClick
FNDA:8,render
DA:3,3
DA:6,3
DA:7,3
DA:11,6
DA:15,5
DA:16,5
DA:21,8
LF:7
LH:7
BRF:0
BRH:0
end_of_record
TN:
SF:/Users/john/projects/meteor/vr1.3/client/welcome.jsx
FN:1,Welcome
FN:6,getSecret
FNF:2
FNH:2
FNDA:1,Welcome
FNDA:1,getSecret
DA:1,1
DA:3,1
DA:7,1
LF:3
LH:3
BRF:0
BRH:0
end_of_record
